This file contains any messages produced by compilers while
running configure, to aid debugging if configure makes a mistake.

It was created by configure, which was
generated by GNU Autoconf 2.57.  Invocation command line was

  $ ./configure --host=i486-linux-gnu --build=i486-linux-gnu --prefix=/usr

## --------- ##
## Platform. ##
## --------- ##

hostname = bode.aurel32.net
uname -m = x86_64
uname -r = 2.6.13-rc7-amd64
uname -s = Linux
uname -v = #1 Thu Aug 25 21:33:29 CEST 2005

/usr/bin/uname -p = unknown
/bin/uname -X     = unknown

/bin/arch              = x86_64
/usr/bin/arch -k       = unknown
/usr/convex/getsysinfo = unknown
hostinfo               = unknown
/bin/machine           = unknown
/usr/bin/oslevel       = unknown
/bin/universe          = unknown

PATH: /usr/sbin
PATH: /usr/bin
PATH: /sbin
PATH: /bin
PATH: /usr/bin/X11


## ----------- ##
## Core tests. ##
## ----------- ##

configure:1191: checking for gpasm
configure:1207: found /usr/bin/gpasm
configure:1218: result: gpasm
configure:1227: checking for gplink
configure:1243: found /usr/bin/gplink
configure:1254: result: gplink
configure:1263: checking for gplib
configure:1279: found /usr/bin/gplib
configure:1290: result: gplib
configure:1300: checking for rm
configure:1316: found /bin/rm
configure:1327: result: rm
configure:1336: checking for cp
configure:1352: found /bin/cp
configure:1363: result: cp
configure:1372: checking for mv
configure:1388: found /bin/mv
configure:1399: result: mv
configure:1408: checking for ls
configure:1424: found /bin/ls
configure:1435: result: ls
configure:1444: checking for sed
configure:1460: found /bin/sed
configure:1471: result: sed
configure:1617: creating ./config.status

## ---------------------- ##
## Running config.status. ##
## ---------------------- ##

This file was extended by config.status, which was
generated by GNU Autoconf 2.57.  Invocation command line was

  CONFIG_FILES    = 
  CONFIG_HEADERS  = 
  CONFIG_LINKS    = 
  CONFIG_COMMANDS = 
  $ ./config.status 

on bode.aurel32.net

config.status:598: creating Makefile.common

## ---------------- ##
## Cache variables. ##
## ---------------- ##

ac_cv_env_build_alias_set=set
ac_cv_env_build_alias_value=i486-linux-gnu
ac_cv_env_host_alias_set=set
ac_cv_env_host_alias_value=i486-linux-gnu
ac_cv_env_target_alias_set=
ac_cv_env_target_alias_value=
ac_cv_prog_CP=cp
ac_cv_prog_GPASM=gpasm
ac_cv_prog_GPLIB=gplib
ac_cv_prog_GPLINK=gplink
ac_cv_prog_LS=ls
ac_cv_prog_MV=mv
ac_cv_prog_RM=rm
ac_cv_prog_SED=sed

## ----------------- ##
## Output variables. ##
## ----------------- ##

CP='cp'
DEFS='-DPACKAGE_NAME=\"\" -DPACKAGE_TARNAME=\"\" -DPACKAGE_VERSION=\"\" -DPACKAGE_STRING=\"\" -DPACKAGE_BUGREPORT=\"\" '
ECHO_C=''
ECHO_N='-n'
ECHO_T=''
GPASM='gpasm'
GPLIB='gplib'
GPLINK='gplink'
LIBOBJS=''
LIBS=''
LS='ls'
LTLIBOBJS=''
MV='mv'
PACKAGE_BUGREPORT=''
PACKAGE_NAME=''
PACKAGE_STRING=''
PACKAGE_TARNAME=''
PACKAGE_VERSION=''
PATH_SEPARATOR=':'
RM='rm'
SED='sed'
SHELL='/bin/sh'
bindir='${exec_prefix}/bin'
build_alias='i486-linux-gnu'
datadir='${prefix}/share'
exec_prefix='${prefix}'
host_alias='i486-linux-gnu'
includedir='${prefix}/include'
infodir='${prefix}/info'
libdir='${exec_prefix}/lib'
libexecdir='${exec_prefix}/libexec'
localstatedir='${prefix}/var'
mandir='${prefix}/man'
oldincludedir='/usr/include'
prefix='/usr'
program_transform_name='s,x,x,'
sbindir='${exec_prefix}/sbin'
sharedstatedir='${prefix}/com'
sysconfdir='${prefix}/etc'
target_alias=''

## ----------- ##
## confdefs.h. ##
## ----------- ##

#define PACKAGE_BUGREPORT ""
#define PACKAGE_NAME ""
#define PACKAGE_STRING ""
#define PACKAGE_TARNAME ""
#define PACKAGE_VERSION ""

configure: exit 0
